load arguments: {'training_data': '/scratch/leonehuber/datasets/sampled_datasets/done/correct/', 'output': '/scratch/leonehuber/output/results/', 'dataset_division': '631', 'embedding_module': 'BootEA', 'alignment_module': 'swapping', 'search_module': 'greedy', 'dim': 100, 'init': 'normal', 'ent_l2_norm': True, 'rel_l2_norm': True, 'loss': 'limited', 'loss_norm': 'L2', 'learning_rate': 0.01, 'optimizer': 'Adagrad', 'max_epoch': 2000, 'batch_size': 5000, 'pos_margin': 0.01, 'neg_margin': 2.0, 'neg_margin_balance': 0.2, 'neg_sampling': 'truncated', 'neg_triple_num': 10, 'truncated_epsilon': 0.9, 'truncated_freq': 10, 'batch_threads_num': 2, 'test_threads_num': 4, 'ordered': True, 'start_valid': 100, 'eval_freq': 10, 'stop_metric': 'hits1', 'eval_metric': 'inner', 'csls': 10, 'top_k': [1, 5, 10, 50], 'is_save': True, 'eval_norm': False, 'sim_th': 0.7, 'k': 10, 'likelihood_slice': 10, 'sub_epoch': 10}
BootEA
<openea.modules.args.args_hander.ARGs object at 0x7fd913c218d0>
read relation triples: /scratch/leonehuber/datasets/sampled_datasets/done/correct/DBP_en_YG_en_15K_V1/rel_triples_1
read relation triples: /scratch/leonehuber/datasets/sampled_datasets/done/correct/DBP_en_YG_en_15K_V1/rel_triples_2
read attribute triples: /scratch/leonehuber/datasets/sampled_datasets/done/correct/DBP_en_YG_en_15K_V1/attr_triples_1
read attribute triples: /scratch/leonehuber/datasets/sampled_datasets/done/correct/DBP_en_YG_en_15K_V1/attr_triples_2
read links: /scratch/leonehuber/datasets/sampled_datasets/done/correct/DBP_en_YG_en_15K_V1/631/train_links
read links: /scratch/leonehuber/datasets/sampled_datasets/done/correct/DBP_en_YG_en_15K_V1/631/valid_links
read links: /scratch/leonehuber/datasets/sampled_datasets/done/correct/DBP_en_YG_en_15K_V1/631/test_links
Number of rt_dict: 18385
Number of hr_dict: 13535
entity relations dict: 18385
Number of av_dict: 19494
entity attributes dict: 19494

KG statistics:
Number of entities: 20399
Number of relations: 291
Number of attributes: 354
Number of relation triples: 36282
Number of attribute triples: 124852
Number of local relation triples: 36282
Number of local attribute triples: 124852

Number of rt_dict: 18512
Number of hr_dict: 13821
entity relations dict: 18512
Number of av_dict: 21019
entity attributes dict: 21019

KG statistics:
Number of entities: 21019
Number of relations: 32
Number of attributes: 38
Number of relation triples: 46241
Number of attribute triples: 962143
Number of local relation triples: 46241
Number of local attribute triples: 962143

Number of rt_dict: 18385
Number of hr_dict: 13535
entity relations dict: 18385
Number of av_dict: 19494
entity attributes dict: 19494

KG statistics:
Number of entities: 20399
Number of relations: 291
Number of attributes: 354
Number of relation triples: 36282
Number of attribute triples: 124852
Number of local relation triples: 36282
Number of local attribute triples: 124852

Number of rt_dict: 18512
Number of hr_dict: 13821
entity relations dict: 18512
Number of av_dict: 21019
entity attributes dict: 21019

KG statistics:
Number of entities: 21019
Number of relations: 32
Number of attributes: 38
Number of relation triples: 46241
Number of attribute triples: 962143
Number of local relation triples: 46241
Number of local attribute triples: 962143

supervised relation triples: 13214, 15436
supervised attribute triples: 24421, 153789
/scratch/leonehuber/output/results/ /scratch/leonehuber/datasets/sampled_datasets/done/correct/DBP_en_YG_en_15K_V1/ ['scratch', 'leonehuber', 'datasets', 'sampled_datasets', 'done', 'correct', 'DBP_en_YG_en_15K_V1'] 631/ BootEA
results output folder: /scratch/leonehuber/output/results/BootEA/DBP_en_YG_en_15K_V1/631/20201109220129/

iteration 1
epoch 1, avg. triple loss: 2.7260, cost time: 3.0262s
epoch 2, avg. triple loss: 2.3279, cost time: 2.8670s
epoch 3, avg. triple loss: 2.1145, cost time: 3.0774s
epoch 4, avg. triple loss: 1.9579, cost time: 2.7979s
epoch 5, avg. triple loss: 1.8333, cost time: 2.9546s
epoch 6, avg. triple loss: 1.7301, cost time: 2.9199s
epoch 7, avg. triple loss: 1.6429, cost time: 2.8521s
epoch 8, avg. triple loss: 1.5692, cost time: 3.0220s
epoch 9, avg. triple loss: 1.5036, cost time: 2.7965s
epoch 10, avg. triple loss: 1.4464, cost time: 2.6944s
generating neighbors of 41418 entities costs 22.666 s.

iteration 2
epoch 11, avg. triple loss: 1.4348, cost time: 4.1533s
epoch 12, avg. triple loss: 1.3920, cost time: 5.2319s
epoch 13, avg. triple loss: 1.3530, cost time: 4.8071s
epoch 14, avg. triple loss: 1.3171, cost time: 4.7540s
epoch 15, avg. triple loss: 1.2846, cost time: 4.5504s
epoch 16, avg. triple loss: 1.2556, cost time: 4.7430s
epoch 17, avg. triple loss: 1.2282, cost time: 5.3818s
epoch 18, avg. triple loss: 1.2023, cost time: 5.1371s
epoch 19, avg. triple loss: 1.1800, cost time: 4.1280s
epoch 20, avg. triple loss: 1.1577, cost time: 4.7739s
after filtering by sim threshold, right alignment: 145/156=0.929
after filtering by sim and nearest k, right alignment: 145/156=0.929
graph via graph_tool <Graph object, directed, with 306 vertices and 156 edges at 0x7fd737131e10>
after mwgm, right alignment: 141/151=0.934
mwgm costs time: 1.296 s
selecting potential alignment costs time: 3.374 s
update wrongly:  0 greedy update wrongly:  0
after editing (<-), right alignment: 141/151=0.934
after editing (->), right alignment: 141/151=0.934
newly triples: 556, 597
alignment_loss = 1.583, time = 0.131 s
generating neighbors of 41418 entities costs 22.823 s.

iteration 3
epoch 21, avg. triple loss: 1.1520, cost time: 4.7728s
epoch 22, avg. triple loss: 1.1322, cost time: 4.5249s
epoch 23, avg. triple loss: 1.1139, cost time: 4.6713s
epoch 24, avg. triple loss: 1.0981, cost time: 4.5670s
epoch 25, avg. triple loss: 1.0822, cost time: 4.6588s
epoch 26, avg. triple loss: 1.0678, cost time: 4.9485s
epoch 27, avg. triple loss: 1.0544, cost time: 5.2435s
epoch 28, avg. triple loss: 1.0417, cost time: 4.5659s
epoch 29, avg. triple loss: 1.0291, cost time: 4.7255s
epoch 30, avg. triple loss: 1.0177, cost time: 4.4833s
after filtering by sim threshold, right alignment: 790/966=0.818
after filtering by sim and nearest k, right alignment: 790/962=0.821
graph via graph_tool <Graph object, directed, with 1643 vertices and 962 edges at 0x7fd30f23c190>
after mwgm, right alignment: 767/802=0.956
mwgm costs time: 0.177 s
selecting potential alignment costs time: 2.346 s
update wrongly:  0 greedy update wrongly:  3
after editing (<-), right alignment: 768/803=0.956
after editing (->), right alignment: 766/797=0.961
newly triples: 2964, 3345
alignment_loss = 1.535, time = 0.025 s
generating neighbors of 41418 entities costs 23.406 s.

iteration 4
epoch 31, avg. triple loss: 1.0139, cost time: 4.0833s
epoch 32, avg. triple loss: 1.0017, cost time: 4.7740s
epoch 33, avg. triple loss: 0.9922, cost time: 4.8808s
epoch 34, avg. triple loss: 0.9821, cost time: 4.6890s
epoch 35, avg. triple loss: 0.9733, cost time: 4.4958s
epoch 36, avg. triple loss: 0.9653, cost time: 4.6122s
epoch 37, avg. triple loss: 0.9559, cost time: 4.8092s
epoch 38, avg. triple loss: 0.9492, cost time: 4.6076s
epoch 39, avg. triple loss: 0.9419, cost time: 4.7136s
epoch 40, avg. triple loss: 0.9342, cost time: 4.9706s
after filtering by sim threshold, right alignment: 1123/1635=0.687
after filtering by sim and nearest k, right alignment: 1123/1588=0.707
graph via graph_tool <Graph object, directed, with 2362 vertices and 1588 edges at 0x7fd30f218250>
after mwgm, right alignment: 1042/1138=0.916
mwgm costs time: 0.156 s
selecting potential alignment costs time: 2.212 s
update wrongly:  3 greedy update wrongly:  29
after editing (<-), right alignment: 1067/1143=0.934
after editing (->), right alignment: 1060/1118=0.948
newly triples: 4332, 4683
alignment_loss = 1.442, time = 0.040 s
generating neighbors of 41418 entities costs 22.605 s.

iteration 5
epoch 41, avg. triple loss: 0.9349, cost time: 4.5305s
epoch 42, avg. triple loss: 0.9258, cost time: 4.4230s
epoch 43, avg. triple loss: 0.9182, cost time: 5.2338s
epoch 44, avg. triple loss: 0.9127, cost time: 4.7392s
epoch 45, avg. triple loss: 0.9063, cost time: 4.6223s
epoch 46, avg. triple loss: 0.9018, cost time: 4.4495s
epoch 47, avg. triple loss: 0.8961, cost time: 4.2491s
epoch 48, avg. triple loss: 0.8905, cost time: 4.1672s
epoch 49, avg. triple loss: 0.8855, cost time: 4.2140s
epoch 50, avg. triple loss: 0.8808, cost time: 4.8199s
after filtering by sim threshold, right alignment: 1373/2303=0.596
after filtering by sim and nearest k, right alignment: 1373/2188=0.628
graph via graph_tool <Graph object, directed, with 2946 vertices and 2188 edges at 0x7fd30f23ded0>
after mwgm, right alignment: 1242/1399=0.888
mwgm costs time: 0.214 s
selecting potential alignment costs time: 2.095 s
update wrongly:  3 greedy update wrongly:  45
after editing (<-), right alignment: 1279/1415=0.904
after editing (->), right alignment: 1263/1355=0.932
newly triples: 5263, 5693
alignment_loss = 1.384, time = 0.044 s
generating neighbors of 41418 entities costs 20.202 s.

iteration 6
epoch 51, avg. triple loss: 0.8821, cost time: 4.4367s
epoch 52, avg. triple loss: 0.8762, cost time: 4.6108s
epoch 53, avg. triple loss: 0.8701, cost time: 3.9643s
epoch 54, avg. triple loss: 0.8665, cost time: 4.2291s
epoch 55, avg. triple loss: 0.8626, cost time: 5.0345s
epoch 56, avg. triple loss: 0.8589, cost time: 4.3953s
epoch 57, avg. triple loss: 0.8544, cost time: 4.6613s
epoch 58, avg. triple loss: 0.8505, cost time: 4.5074s
epoch 59, avg. triple loss: 0.8470, cost time: 4.0740s
epoch 60, avg. triple loss: 0.8434, cost time: 4.4069s
after filtering by sim threshold, right alignment: 1613/3092=0.522
after filtering by sim and nearest k, right alignment: 1612/2877=0.560
graph via graph_tool <Graph object, directed, with 3536 vertices and 2877 edges at 0x7fd8bd1caf10>
after mwgm, right alignment: 1400/1650=0.848
mwgm costs time: 0.404 s
selecting potential alignment costs time: 2.734 s
update wrongly:  2 greedy update wrongly:  75
after editing (<-), right alignment: 1476/1672=0.883
after editing (->), right alignment: 1461/1591=0.918
newly triples: 6107, 6586
alignment_loss = 1.342, time = 0.037 s
generating neighbors of 41418 entities costs 23.621 s.

iteration 7
epoch 61, avg. triple loss: 0.8463, cost time: 4.3272s
epoch 62, avg. triple loss: 0.8410, cost time: 4.9950s
epoch 63, avg. triple loss: 0.8379, cost time: 5.6127s
epoch 64, avg. triple loss: 0.8340, cost time: 5.1482s
epoch 65, avg. triple loss: 0.8306, cost time: 5.2974s
epoch 66, avg. triple loss: 0.8280, cost time: 4.7458s
epoch 67, avg. triple loss: 0.8248, cost time: 4.5780s
epoch 68, avg. triple loss: 0.8222, cost time: 4.4509s
epoch 69, avg. triple loss: 0.8196, cost time: 5.4149s
epoch 70, avg. triple loss: 0.8165, cost time: 4.4690s
after filtering by sim threshold, right alignment: 1821/3989=0.457
after filtering by sim and nearest k, right alignment: 1819/3618=0.503
graph via graph_tool <Graph object, directed, with 4046 vertices and 3618 edges at 0x7fd36bd2e650>
after mwgm, right alignment: 1546/1864=0.829
mwgm costs time: 0.485 s
selecting potential alignment costs time: 2.731 s
update wrongly:  7 greedy update wrongly:  111
after editing (<-), right alignment: 1639/1885=0.869
after editing (->), right alignment: 1612/1762=0.915
newly triples: 6700, 7271
alignment_loss = 1.313, time = 0.042 s
generating neighbors of 41418 entities costs 28.733 s.

iteration 8
epoch 71, avg. triple loss: 0.8190, cost time: 3.7648s
epoch 72, avg. triple loss: 0.8157, cost time: 4.2254s
epoch 73, avg. triple loss: 0.8125, cost time: 4.2485s
epoch 74, avg. triple loss: 0.8099, cost time: 4.3522s
epoch 75, avg. triple loss: 0.8073, cost time: 4.3531s
epoch 76, avg. triple loss: 0.8050, cost time: 4.9344s
epoch 77, avg. triple loss: 0.8030, cost time: 4.2859s
epoch 78, avg. triple loss: 0.8003, cost time: 4.5567s
epoch 79, avg. triple loss: 0.7986, cost time: 4.9520s
epoch 80, avg. triple loss: 0.7962, cost time: 4.4632s
after filtering by sim threshold, right alignment: 1997/4885=0.409
after filtering by sim and nearest k, right alignment: 1993/4313=0.462
graph via graph_tool <Graph object, directed, with 4471 vertices and 4313 edges at 0x7fd737146710>
after mwgm, right alignment: 1643/2045=0.803
mwgm costs time: 0.750 s
selecting potential alignment costs time: 3.141 s
update wrongly:  16 greedy update wrongly:  131
after editing (<-), right alignment: 1762/2077=0.848
after editing (->), right alignment: 1743/1936=0.900
newly triples: 7282, 7823
alignment_loss = 1.287, time = 0.047 s
generating neighbors of 41418 entities costs 21.312 s.

iteration 9
epoch 81, avg. triple loss: 0.7998, cost time: 4.0619s
epoch 82, avg. triple loss: 0.7957, cost time: 3.8984s
epoch 83, avg. triple loss: 0.7938, cost time: 3.8645s
epoch 84, avg. triple loss: 0.7919, cost time: 4.3753s
epoch 85, avg. triple loss: 0.7897, cost time: 4.4006s
epoch 86, avg. triple loss: 0.7878, cost time: 7.5278s
epoch 87, avg. triple loss: 0.7855, cost time: 20.9535s
epoch 88, avg. triple loss: 0.7829, cost time: 4.5124s
epoch 89, avg. triple loss: 0.7822, cost time: 4.5769s
epoch 90, avg. triple loss: 0.7802, cost time: 4.6290s
after filtering by sim threshold, right alignment: 2136/5954=0.359
after filtering by sim and nearest k, right alignment: 2131/5063=0.421
graph via graph_tool <Graph object, directed, with 4900 vertices and 5063 edges at 0x7fd36f3af850>
after mwgm, right alignment: 1677/2191=0.765
mwgm costs time: 0.487 s
selecting potential alignment costs time: 2.393 s
update wrongly:  19 greedy update wrongly:  175
after editing (<-), right alignment: 1855/2251=0.824
after editing (->), right alignment: 1840/2058=0.894
newly triples: 7723, 8276
alignment_loss = 1.267, time = 0.046 s
generating neighbors of 41418 entities costs 22.628 s.

iteration 10
epoch 91, avg. triple loss: 0.7838, cost time: 3.7926s
epoch 92, avg. triple loss: 0.7805, cost time: 4.0455s
epoch 93, avg. triple loss: 0.7792, cost time: 4.3497s
epoch 94, avg. triple loss: 0.7759, cost time: 4.3751s
epoch 95, avg. triple loss: 0.7748, cost time: 3.8922s
epoch 96, avg. triple loss: 0.7732, cost time: 4.3102s
epoch 97, avg. triple loss: 0.7714, cost time: 4.5703s
epoch 98, avg. triple loss: 0.7704, cost time: 4.8147s
epoch 99, avg. triple loss: 0.7687, cost time: 17.9396s
epoch 100, avg. triple loss: 0.7676, cost time: 3.2158s
I'm saving the sim_mat, shape (1500, 10500)
quick results: hits@[1, 5, 10, 50] = [23.    32.733 34.333 39.867]%, time = 2.671 s 
after filtering by sim threshold, right alignment: 2271/7033=0.323
after filtering by sim and nearest k, right alignment: 2256/5824=0.387
graph via graph_tool <Graph object, directed, with 5308 vertices and 5824 edges at 0x7fd363ceaf90>
after mwgm, right alignment: 1788/2335=0.766
mwgm costs time: 0.516 s
selecting potential alignment costs time: 2.297 s
update wrongly:  14 greedy update wrongly:  176
after editing (<-), right alignment: 1968/2393=0.822
after editing (->), right alignment: 1938/2180=0.889
newly triples: 8214, 8743
alignment_loss = 1.252, time = 0.053 s
I'm saving the sim_mat, shape (1500, 10500)
quick results: hits@[1, 5, 10, 50] = [23.    32.733 34.4   40.   ]%, time = 2.041 s 
generating neighbors of 41418 entities costs 20.182 s.

iteration 11
epoch 101, avg. triple loss: 0.7705, cost time: 2.6810s
epoch 102, avg. triple loss: 0.7679, cost time: 2.6336s
epoch 103, avg. triple loss: 0.7663, cost time: 2.9719s
epoch 104, avg. triple loss: 0.7651, cost time: 3.2314s
epoch 105, avg. triple loss: 0.7634, cost time: 2.7351s
epoch 106, avg. triple loss: 0.7610, cost time: 2.9053s
epoch 107, avg. triple loss: 0.7604, cost time: 2.9062s
epoch 108, avg. triple loss: 0.7594, cost time: 2.8924s
epoch 109, avg. triple loss: 0.7578, cost time: 2.9533s
epoch 110, avg. triple loss: 0.7570, cost time: 2.9716s
I'm saving the sim_mat, shape (1500, 10500)
quick results: hits@[1, 5, 10, 50] = [22.867 32.933 35.133 41.333]%, time = 2.458 s 
after filtering by sim threshold, right alignment: 2377/8119=0.293
after filtering by sim and nearest k, right alignment: 2357/6644=0.355
graph via graph_tool <Graph object, directed, with 5683 vertices and 6644 edges at 0x7fd7371406d0>
after mwgm, right alignment: 1814/2452=0.740
mwgm costs time: 0.613 s
selecting potential alignment costs time: 2.423 s
update wrongly:  24 greedy update wrongly:  228
after editing (<-), right alignment: 2039/2524=0.808
after editing (->), right alignment: 2009/2287=0.878
newly triples: 8585, 9085
alignment_loss = 1.239, time = 0.051 s
I'm saving the sim_mat, shape (1500, 10500)
quick results: hits@[1, 5, 10, 50] = [23.067 33.067 35.133 41.267]%, time = 1.952 s 
generating neighbors of 41418 entities costs 16.700 s.

iteration 12
epoch 111, avg. triple loss: 0.7599, cost time: 2.6688s
epoch 112, avg. triple loss: 0.7573, cost time: 2.8137s
epoch 113, avg. triple loss: 0.7553, cost time: 2.6665s
epoch 114, avg. triple loss: 0.7547, cost time: 2.6353s
epoch 115, avg. triple loss: 0.7532, cost time: 2.9703s
epoch 116, avg. triple loss: 0.7519, cost time: 3.1158s
epoch 117, avg. triple loss: 0.7514, cost time: 3.0057s
epoch 118, avg. triple loss: 0.7505, cost time: 2.9563s
epoch 119, avg. triple loss: 0.7486, cost time: 3.3114s
epoch 120, avg. triple loss: 0.7472, cost time: 3.0645s
I'm saving the sim_mat, shape (1500, 10500)
quick results: hits@[1, 5, 10, 50] = [23.2   33.267 35.933 42.267]%, time = 2.468 s 
after filtering by sim threshold, right alignment: 2469/9173=0.269
after filtering by sim and nearest k, right alignment: 2448/7447=0.329
graph via graph_tool <Graph object, directed, with 6014 vertices and 7447 edges at 0x7fd3576b4250>
after mwgm, right alignment: 1867/2542=0.734
mwgm costs time: 0.681 s
selecting potential alignment costs time: 2.424 s
update wrongly:  26 greedy update wrongly:  245
after editing (<-), right alignment: 2101/2629=0.799
after editing (->), right alignment: 2064/2359=0.875
newly triples: 8808, 9316
alignment_loss = 1.225, time = 0.088 s
I'm saving the sim_mat, shape (1500, 10500)
quick results: hits@[1, 5, 10, 50] = [23.667 33.4   36.067 42.2  ]%, time = 2.292 s 
generating neighbors of 41418 entities costs 16.142 s.

iteration 13
epoch 121, avg. triple loss: 0.7506, cost time: 3.0013s
epoch 122, avg. triple loss: 0.7488, cost time: 2.6898s
epoch 123, avg. triple loss: 0.7474, cost time: 3.0547s
epoch 124, avg. triple loss: 0.7460, cost time: 3.2096s
epoch 125, avg. triple loss: 0.7454, cost time: 3.4070s
epoch 126, avg. triple loss: 0.7439, cost time: 3.3166s
epoch 127, avg. triple loss: 0.7423, cost time: 3.1472s
epoch 128, avg. triple loss: 0.7419, cost time: 3.2066s
epoch 129, avg. triple loss: 0.7410, cost time: 3.4466s
epoch 130, avg. triple loss: 0.7403, cost time: 3.3129s
I'm saving the sim_mat, shape (1500, 10500)
quick results: hits@[1, 5, 10, 50] = [23.533 34.133 36.467 42.6  ]%, time = 2.236 s 
after filtering by sim threshold, right alignment: 2568/10301=0.249
after filtering by sim and nearest k, right alignment: 2544/8334=0.305
graph via graph_tool <Graph object, directed, with 6418 vertices and 8334 edges at 0x7fd3b8298990>
after mwgm, right alignment: 1891/2640=0.716
mwgm costs time: 0.706 s
selecting potential alignment costs time: 2.463 s
update wrongly:  32 greedy update wrongly:  258
after editing (<-), right alignment: 2149/2741=0.784
after editing (->), right alignment: 2113/2438=0.867
newly triples: 9137, 9615
alignment_loss = 1.217, time = 0.053 s
I'm saving the sim_mat, shape (1500, 10500)
quick results: hits@[1, 5, 10, 50] = [23.867 34.267 36.467 42.733]%, time = 2.316 s 
generating neighbors of 41418 entities costs 17.699 s.

iteration 14
epoch 131, avg. triple loss: 0.7439, cost time: 2.8538s
epoch 132, avg. triple loss: 0.7413, cost time: 2.7602s
epoch 133, avg. triple loss: 0.7405, cost time: 2.9151s
epoch 134, avg. triple loss: 0.7393, cost time: 3.1013s
epoch 135, avg. triple loss: 0.7385, cost time: 3.0344s
epoch 136, avg. triple loss: 0.7364, cost time: 3.2370s
epoch 137, avg. triple loss: 0.7360, cost time: 3.3388s
epoch 138, avg. triple loss: 0.7351, cost time: 3.5928s
epoch 139, avg. triple loss: 0.7339, cost time: 3.2155s
epoch 140, avg. triple loss: 0.7330, cost time: 3.3551s
I'm saving the sim_mat, shape (1500, 10500)
quick results: hits@[1, 5, 10, 50] = [23.933 34.333 36.933 43.4  ]%, time = 2.531 s 
after filtering by sim threshold, right alignment: 2645/11498=0.230
after filtering by sim and nearest k, right alignment: 2621/9212=0.285
graph via graph_tool <Graph object, directed, with 6756 vertices and 9212 edges at 0x7fd5b077af10>
after mwgm, right alignment: 1928/2721=0.709
mwgm costs time: 0.784 s
selecting potential alignment costs time: 2.573 s
update wrongly:  27 greedy update wrongly:  289
after editing (<-), right alignment: 2212/2827=0.782
after editing (->), right alignment: 2176/2521=0.863
newly triples: 9406, 9853
alignment_loss = 1.209, time = 0.071 s
I'm saving the sim_mat, shape (1500, 10500)
quick results: hits@[1, 5, 10, 50] = [24.4   34.333 37.    43.333]%, time = 2.523 s 
generating neighbors of 41418 entities costs 18.444 s.

iteration 15
epoch 141, avg. triple loss: 0.7371, cost time: 2.8527s
epoch 142, avg. triple loss: 0.7351, cost time: 2.8753s
epoch 143, avg. triple loss: 0.7340, cost time: 2.9211s
epoch 144, avg. triple loss: 0.7324, cost time: 2.9588s
epoch 145, avg. triple loss: 0.7315, cost time: 2.9303s
epoch 146, avg. triple loss: 0.7320, cost time: 2.9509s
epoch 147, avg. triple loss: 0.7295, cost time: 3.1098s
epoch 148, avg. triple loss: 0.7298, cost time: 3.0036s
epoch 149, avg. triple loss: 0.7287, cost time: 3.3851s
epoch 150, avg. triple loss: 0.7282, cost time: 3.1742s
I'm saving the sim_mat, shape (1500, 10500)
quick results: hits@[1, 5, 10, 50] = [24.467 34.533 37.467 44.467]%, time = 2.786 s 
after filtering by sim threshold, right alignment: 2729/12741=0.214
after filtering by sim and nearest k, right alignment: 2702/10135=0.267
graph via graph_tool <Graph object, directed, with 7136 vertices and 10135 edges at 0x7fd61c0c7250>
after mwgm, right alignment: 1948/2819=0.691
mwgm costs time: 0.914 s
selecting potential alignment costs time: 2.776 s
update wrongly:  22 greedy update wrongly:  310
after editing (<-), right alignment: 2279/2951=0.772
after editing (->), right alignment: 2241/2599=0.862
newly triples: 9652, 10208
alignment_loss = 1.205, time = 0.071 s
I'm saving the sim_mat, shape (1500, 10500)
quick results: hits@[1, 5, 10, 50] = [24.933 34.8   37.333 44.533]%, time = 2.606 s 
generating neighbors of 41418 entities costs 16.617 s.

iteration 16
epoch 151, avg. triple loss: 0.7314, cost time: 2.7963s
epoch 152, avg. triple loss: 0.7298, cost time: 3.1028s
epoch 153, avg. triple loss: 0.7289, cost time: 3.1245s
epoch 154, avg. triple loss: 0.7274, cost time: 3.0941s
epoch 155, avg. triple loss: 0.7268, cost time: 3.2009s
epoch 156, avg. triple loss: 0.7262, cost time: 3.4432s
epoch 157, avg. triple loss: 0.7247, cost time: 15.2985s
epoch 158, avg. triple loss: 0.7237, cost time: 3.2883s
epoch 159, avg. triple loss: 0.7235, cost time: 3.1830s
epoch 160, avg. triple loss: 0.7233, cost time: 3.1581s
I'm saving the sim_mat, shape (1500, 10500)
quick results: hits@[1, 5, 10, 50] = [24.933 34.933 37.867 45.   ]%, time = 1.133 s 
after filtering by sim threshold, right alignment: 2793/14137=0.198
after filtering by sim and nearest k, right alignment: 2765/11141=0.248
graph via graph_tool <Graph object, directed, with 7501 vertices and 11141 edges at 0x7fd65855ffd0>
after mwgm, right alignment: 1979/2878=0.688
mwgm costs time: 0.946 s
selecting potential alignment costs time: 2.675 s
update wrongly:  20 greedy update wrongly:  316
after editing (<-), right alignment: 2326/3009=0.773
after editing (->), right alignment: 2286/2676=0.854
newly triples: 9977, 10446
alignment_loss = 1.200, time = 0.067 s
I'm saving the sim_mat, shape (1500, 10500)
quick results: hits@[1, 5, 10, 50] = [25.133 34.933 37.8   45.   ]%, time = 2.698 s 
generating neighbors of 41418 entities costs 17.493 s.

iteration 17
epoch 161, avg. triple loss: 0.7261, cost time: 3.0446s
epoch 162, avg. triple loss: 0.7247, cost time: 3.0053s
epoch 163, avg. triple loss: 0.7241, cost time: 2.9994s
epoch 164, avg. triple loss: 0.7228, cost time: 2.9721s
epoch 165, avg. triple loss: 0.7216, cost time: 3.1997s
epoch 166, avg. triple loss: 0.7213, cost time: 3.3283s
epoch 167, avg. triple loss: 0.7206, cost time: 3.1273s
epoch 168, avg. triple loss: 0.7201, cost time: 3.1481s
epoch 169, avg. triple loss: 0.7189, cost time: 3.2453s
epoch 170, avg. triple loss: 0.7189, cost time: 3.3452s
I'm saving the sim_mat, shape (1500, 10500)
quick results: hits@[1, 5, 10, 50] = [25.133 35.467 38.067 45.533]%, time = 2.697 s 
after filtering by sim threshold, right alignment: 2856/15738=0.181
after filtering by sim and nearest k, right alignment: 2824/12294=0.230
graph via graph_tool <Graph object, directed, with 7823 vertices and 12294 edges at 0x7fd384ba4ed0>
after mwgm, right alignment: 1948/2954=0.659
mwgm costs time: 1.068 s
selecting potential alignment costs time: 2.892 s
update wrongly:  34 greedy update wrongly:  384
after editing (<-), right alignment: 2361/3105=0.760
after editing (->), right alignment: 2312/2729=0.847
newly triples: 10066, 10641
alignment_loss = 1.192, time = 0.061 s
I'm saving the sim_mat, shape (1500, 10500)
quick results: hits@[1, 5, 10, 50] = [25.333 35.333 38.2   45.667]%, time = 2.388 s 
generating neighbors of 41418 entities costs 18.432 s.

iteration 18
epoch 171, avg. triple loss: 0.7218, cost time: 3.2608s
epoch 172, avg. triple loss: 0.7202, cost time: 2.9568s
epoch 173, avg. triple loss: 0.7202, cost time: 3.5810s
epoch 174, avg. triple loss: 0.7188, cost time: 21.8575s
epoch 175, avg. triple loss: 0.7176, cost time: 3.4731s
epoch 176, avg. triple loss: 0.7170, cost time: 3.1521s
epoch 177, avg. triple loss: 0.7161, cost time: 3.1546s
epoch 178, avg. triple loss: 0.7154, cost time: 3.0315s
epoch 179, avg. triple loss: 0.7154, cost time: 2.9821s
epoch 180, avg. triple loss: 0.7147, cost time: 3.1259s
I'm saving the sim_mat, shape (1500, 10500)
quick results: hits@[1, 5, 10, 50] = [25.067 35.667 38.667 45.933]%, time = 1.083 s 
after filtering by sim threshold, right alignment: 2937/17893=0.164
after filtering by sim and nearest k, right alignment: 2900/13740=0.211
graph via graph_tool <Graph object, directed, with 8152 vertices and 13740 edges at 0x7fd6fc183d50>
after mwgm, right alignment: 2015/3039=0.663
mwgm costs time: 1.192 s
selecting potential alignment costs time: 2.982 s
update wrongly:  30 greedy update wrongly:  380
after editing (<-), right alignment: 2418/3202=0.755
after editing (->), right alignment: 2364/2797=0.845
newly triples: 10274, 10898
alignment_loss = 1.186, time = 0.065 s
I'm saving the sim_mat, shape (1500, 10500)
quick results: hits@[1, 5, 10, 50] = [25.6   35.733 38.867 45.933]%, time = 2.573 s 
generating neighbors of 41418 entities costs 16.115 s.

iteration 19
epoch 181, avg. triple loss: 0.7178, cost time: 2.8702s
epoch 182, avg. triple loss: 0.7160, cost time: 2.6599s
epoch 183, avg. triple loss: 0.7148, cost time: 2.7394s
epoch 184, avg. triple loss: 0.7146, cost time: 3.4445s
epoch 185, avg. triple loss: 0.7144, cost time: 3.0537s
epoch 186, avg. triple loss: 0.7137, cost time: 3.1460s
epoch 187, avg. triple loss: 0.7120, cost time: 2.9074s
epoch 188, avg. triple loss: 0.7127, cost time: 3.1297s
epoch 189, avg. triple loss: 0.7110, cost time: 3.3376s
epoch 190, avg. triple loss: 0.7110, cost time: 3.5857s
I'm saving the sim_mat, shape (1500, 10500)
quick results: hits@[1, 5, 10, 50] = [25.667 35.667 38.933 46.333]%, time = 1.143 s 
after filtering by sim threshold, right alignment: 3010/20302=0.148
after filtering by sim and nearest k, right alignment: 2970/15012=0.198
graph via graph_tool <Graph object, directed, with 8446 vertices and 15012 edges at 0x7fd3ae542a50>
after mwgm, right alignment: 1975/3114=0.634
mwgm costs time: 1.228 s
selecting potential alignment costs time: 2.934 s
update wrongly:  38 greedy update wrongly:  422
after editing (<-), right alignment: 2435/3304=0.737
after editing (->), right alignment: 2403/2861=0.840
newly triples: 10481, 11055
alignment_loss = 1.182, time = 0.064 s
I'm saving the sim_mat, shape (1500, 10500)
quick results: hits@[1, 5, 10, 50] = [25.467 35.6   39.067 46.4  ]%, time = 1.157 s 
generating neighbors of 41418 entities costs 16.583 s.

iteration 20
epoch 191, avg. triple loss: 0.7145, cost time: 2.9813s
epoch 192, avg. triple loss: 0.7133, cost time: 2.9488s
epoch 193, avg. triple loss: 0.7127, cost time: 3.3189s
epoch 194, avg. triple loss: 0.7112, cost time: 3.2405s
epoch 195, avg. triple loss: 0.7111, cost time: 3.4380s
epoch 196, avg. triple loss: 0.7103, cost time: 4.5553s
epoch 197, avg. triple loss: 0.7089, cost time: 3.3634s
epoch 198, avg. triple loss: 0.7087, cost time: 3.3897s
epoch 199, avg. triple loss: 0.7085, cost time: 3.0576s
epoch 200, avg. triple loss: 0.7074, cost time: 3.2299s
I'm saving the sim_mat, shape (1500, 10500)
quick results: hits@[1, 5, 10, 50] = [25.667 35.8   39.333 46.467]%, time = 1.192 s 
after filtering by sim threshold, right alignment: 3063/22433=0.137
after filtering by sim and nearest k, right alignment: 3016/16091=0.187
graph via graph_tool <Graph object, directed, with 8663 vertices and 16091 edges at 0x7fd35c8f8d90>
after mwgm, right alignment: 2024/3170=0.638
mwgm costs time: 1.446 s
selecting potential alignment costs time: 3.284 s
update wrongly:  25 greedy update wrongly:  408
after editing (<-), right alignment: 2493/3376=0.738
after editing (->), right alignment: 2451/2932=0.836
newly triples: 10701, 11300
alignment_loss = 1.178, time = 0.065 s
I'm saving the sim_mat, shape (1500, 10500)
quick results: hits@[1, 5, 10, 50] = [26.067 35.667 39.333 46.533]%, time = 1.227 s 
generating neighbors of 41418 entities costs 17.297 s.

iteration 21
epoch 201, avg. triple loss: 0.7113, cost time: 2.9978s
epoch 202, avg. triple loss: 0.7103, cost time: 3.1453s
epoch 203, avg. triple loss: 0.7097, cost time: 3.1735s
epoch 204, avg. triple loss: 0.7083, cost time: 3.4385s
epoch 205, avg. triple loss: 0.7073, cost time: 3.3065s
epoch 206, avg. triple loss: 0.7065, cost time: 3.1858s
epoch 207, avg. triple loss: 0.7071, cost time: 3.1637s
epoch 208, avg. triple loss: 0.7055, cost time: 3.0870s
epoch 209, avg. triple loss: 0.7059, cost time: 3.1024s
epoch 210, avg. triple loss: 0.7044, cost time: 3.1653s
I'm saving the sim_mat, shape (1500, 10500)
quick results: hits@[1, 5, 10, 50] = [25.8   36.067 39.8   46.933]%, time = 1.176 s 
after filtering by sim threshold, right alignment: 3124/24510=0.127
after filtering by sim and nearest k, right alignment: 3076/17111=0.180
graph via graph_tool <Graph object, directed, with 8875 vertices and 17111 edges at 0x7fd3829e4690>
after mwgm, right alignment: 2030/3233=0.628
mwgm costs time: 1.364 s
selecting potential alignment costs time: 3.052 s
update wrongly:  47 greedy update wrongly:  456
after editing (<-), right alignment: 2516/3429=0.734
after editing (->), right alignment: 2478/2973=0.834
newly triples: 10815, 11507
alignment_loss = 1.174, time = 0.064 s
I'm saving the sim_mat, shape (1500, 10500)
quick results: hits@[1, 5, 10, 50] = [26.4   36.067 39.733 47.067]%, time = 1.144 s 
generating neighbors of 41418 entities costs 17.566 s.

iteration 22
epoch 211, avg. triple loss: 0.7084, cost time: 3.0687s
epoch 212, avg. triple loss: 0.7075, cost time: 2.8894s
epoch 213, avg. triple loss: 0.7057, cost time: 2.9940s
epoch 214, avg. triple loss: 0.7056, cost time: 3.1356s
epoch 215, avg. triple loss: 0.7045, cost time: 3.0335s
epoch 216, avg. triple loss: 0.7038, cost time: 3.1012s
epoch 217, avg. triple loss: 0.7042, cost time: 3.3545s
epoch 218, avg. triple loss: 0.7030, cost time: 3.4334s
epoch 219, avg. triple loss: 0.7028, cost time: 3.1884s
epoch 220, avg. triple loss: 0.7019, cost time: 3.2065s
I'm saving the sim_mat, shape (1500, 10500)
quick results: hits@[1, 5, 10, 50] = [26.333 36.333 39.867 47.4  ]%, time = 1.190 s 
after filtering by sim threshold, right alignment: 3167/26653=0.119
after filtering by sim and nearest k, right alignment: 3113/18077=0.172
graph via graph_tool <Graph object, directed, with 9073 vertices and 18077 edges at 0x7fd35dd72c10>
after mwgm, right alignment: 2021/3290=0.614
mwgm costs time: 1.564 s
selecting potential alignment costs time: 3.269 s
update wrongly:  43 greedy update wrongly:  468
after editing (<-), right alignment: 2531/3505=0.722
after editing (->), right alignment: 2496/3029=0.824
newly triples: 11052, 11614
alignment_loss = 1.170, time = 0.059 s
I'm saving the sim_mat, shape (1500, 10500)
quick results: hits@[1, 5, 10, 50] = [26.667 36.467 39.933 47.4  ]%, time = 1.172 s 
generating neighbors of 41418 entities costs 17.096 s.

iteration 23
epoch 221, avg. triple loss: 0.7060, cost time: 2.9254s
epoch 222, avg. triple loss: 0.7043, cost time: 3.0167s
epoch 223, avg. triple loss: 0.7038, cost time: 2.8670s
epoch 224, avg. triple loss: 0.7032, cost time: 2.9758s
epoch 225, avg. triple loss: 0.7022, cost time: 3.2281s
epoch 226, avg. triple loss: 0.7016, cost time: 3.2186s
epoch 227, avg. triple loss: 0.7011, cost time: 3.4691s
epoch 228, avg. triple loss: 0.7000, cost time: 3.3469s
epoch 229, avg. triple loss: 0.7012, cost time: 3.1272s
epoch 230, avg. triple loss: 0.6996, cost time: 3.1170s
I'm saving the sim_mat, shape (1500, 10500)
quick results: hits@[1, 5, 10, 50] = [26.533 36.333 40.267 47.867]%, time = 1.197 s 
after filtering by sim threshold, right alignment: 3209/28757=0.112
after filtering by sim and nearest k, right alignment: 3152/19012=0.166
graph via graph_tool <Graph object, directed, with 9295 vertices and 19012 edges at 0x7fd38cebf690>
after mwgm, right alignment: 2002/3342=0.599
mwgm costs time: 1.649 s
selecting potential alignment costs time: 3.409 s
update wrongly:  41 greedy update wrongly:  494
after editing (<-), right alignment: 2556/3568=0.716
after editing (->), right alignment: 2512/3069=0.819
newly triples: 11144, 11718
alignment_loss = 1.165, time = 0.066 s
I'm saving the sim_mat, shape (1500, 10500)
quick results: hits@[1, 5, 10, 50] = [26.6   36.467 40.2   47.8  ]%, time = 1.178 s 
generating neighbors of 41418 entities costs 17.180 s.

iteration 24
epoch 231, avg. triple loss: 0.7037, cost time: 2.9658s
epoch 232, avg. triple loss: 0.7022, cost time: 2.7976s
epoch 233, avg. triple loss: 0.7014, cost time: 2.9727s
epoch 234, avg. triple loss: 0.7006, cost time: 2.7992s
epoch 235, avg. triple loss: 0.7004, cost time: 3.2299s
epoch 236, avg. triple loss: 0.6998, cost time: 3.3055s
epoch 237, avg. triple loss: 0.6986, cost time: 3.3303s
epoch 238, avg. triple loss: 0.6987, cost time: 3.4068s
epoch 239, avg. triple loss: 0.6982, cost time: 3.3993s
epoch 240, avg. triple loss: 0.6978, cost time: 3.1728s
I'm saving the sim_mat, shape (1500, 10500)
quick results: hits@[1, 5, 10, 50] = [26.6   36.6   40.267 48.2  ]%, time = 1.221 s 
after filtering by sim threshold, right alignment: 3249/30875=0.105
after filtering by sim and nearest k, right alignment: 3185/19909=0.160
graph via graph_tool <Graph object, directed, with 9494 vertices and 19909 edges at 0x7fd3673519d0>
after mwgm, right alignment: 2042/3379=0.604
mwgm costs time: 1.537 s
selecting potential alignment costs time: 3.174 s
update wrongly:  34 greedy update wrongly:  489
after editing (<-), right alignment: 2582/3603=0.717
after editing (->), right alignment: 2538/3106=0.817
newly triples: 11300, 11865
alignment_loss = 1.163, time = 0.070 s
I'm saving the sim_mat, shape (1500, 10500)
quick results: hits@[1, 5, 10, 50] = [26.8   36.6   40.267 48.133]%, time = 1.147 s 
generating neighbors of 41418 entities costs 16.635 s.

iteration 25
epoch 241, avg. triple loss: 0.7014, cost time: 2.7965s
epoch 242, avg. triple loss: 0.6994, cost time: 2.7698s
epoch 243, avg. triple loss: 0.6986, cost time: 2.8927s
epoch 244, avg. triple loss: 0.6982, cost time: 2.7911s
epoch 245, avg. triple loss: 0.6976, cost time: 2.8702s
epoch 246, avg. triple loss: 0.6968, cost time: 3.0556s
epoch 247, avg. triple loss: 0.6972, cost time: 3.1363s
epoch 248, avg. triple loss: 0.6962, cost time: 3.2928s
epoch 249, avg. triple loss: 0.6964, cost time: 3.3124s
epoch 250, avg. triple loss: 0.6958, cost time: 3.1891s
I'm saving the sim_mat, shape (1500, 10500)
quick results: hits@[1, 5, 10, 50] = [26.733 36.733 40.267 48.4  ]%, time = 1.123 s 
after filtering by sim threshold, right alignment: 3298/32861=0.100
after filtering by sim and nearest k, right alignment: 3224/20737=0.155
graph via graph_tool <Graph object, directed, with 9668 vertices and 20737 edges at 0x7fd35ec819d0>
after mwgm, right alignment: 2018/3437=0.587
mwgm costs time: 1.692 s
selecting potential alignment costs time: 3.366 s
update wrongly:  42 greedy update wrongly:  525
after editing (<-), right alignment: 2594/3685=0.704
after editing (->), right alignment: 2552/3150=0.810
newly triples: 11407, 12019
alignment_loss = 1.160, time = 0.074 s
I'm saving the sim_mat, shape (1500, 10500)
quick results: hits@[1, 5, 10, 50] = [27.133 36.8   40.133 48.4  ]%, time = 1.142 s 
generating neighbors of 41418 entities costs 16.550 s.

iteration 26
epoch 251, avg. triple loss: 0.6984, cost time: 2.8863s
epoch 252, avg. triple loss: 0.6984, cost time: 2.9275s
epoch 253, avg. triple loss: 0.6976, cost time: 2.9311s
epoch 254, avg. triple loss: 0.6964, cost time: 3.1557s
epoch 255, avg. triple loss: 0.6965, cost time: 3.1210s
epoch 256, avg. triple loss: 0.6952, cost time: 3.4468s
epoch 257, avg. triple loss: 0.6954, cost time: 3.3023s
epoch 258, avg. triple loss: 0.6946, cost time: 3.1851s
epoch 259, avg. triple loss: 0.6939, cost time: 3.1860s
epoch 260, avg. triple loss: 0.6941, cost time: 3.1059s
I'm saving the sim_mat, shape (1500, 10500)
quick results: hits@[1, 5, 10, 50] = [26.933 36.933 40.4   48.733]%, time = 1.154 s 
after filtering by sim threshold, right alignment: 3354/34862=0.096
after filtering by sim and nearest k, right alignment: 3271/21629=0.151
graph via graph_tool <Graph object, directed, with 9836 vertices and 21629 edges at 0x7fd30e4ddc90>
after mwgm, right alignment: 2065/3465=0.596
mwgm costs time: 1.731 s
selecting potential alignment costs time: 3.407 s
update wrongly:  33 greedy update wrongly:  488
after editing (<-), right alignment: 2634/3732=0.706
after editing (->), right alignment: 2585/3195=0.809
newly triples: 11497, 12119
alignment_loss = 1.156, time = 0.068 s
I'm saving the sim_mat, shape (1500, 10500)
quick results: hits@[1, 5, 10, 50] = [27.2   36.867 40.533 48.933]%, time = 2.302 s 
generating neighbors of 41418 entities costs 15.894 s.

iteration 27
epoch 261, avg. triple loss: 0.6963, cost time: 2.9565s
epoch 262, avg. triple loss: 0.6960, cost time: 2.7364s
epoch 263, avg. triple loss: 0.6949, cost time: 3.1542s
epoch 264, avg. triple loss: 0.6948, cost time: 2.9143s
epoch 265, avg. triple loss: 0.6941, cost time: 3.0289s
epoch 266, avg. triple loss: 0.6931, cost time: 3.2038s
epoch 267, avg. triple loss: 0.6942, cost time: 3.3622s
epoch 268, avg. triple loss: 0.6932, cost time: 3.2556s
epoch 269, avg. triple loss: 0.6930, cost time: 3.1232s
epoch 270, avg. triple loss: 0.6920, cost time: 3.1296s
I'm saving the sim_mat, shape (1500, 10500)
quick results: hits@[1, 5, 10, 50] = [26.933 36.933 40.533 48.933]%, time = 2.239 s 
after filtering by sim threshold, right alignment: 3385/36709=0.092
after filtering by sim and nearest k, right alignment: 3301/22463=0.147
graph via graph_tool <Graph object, directed, with 9987 vertices and 22463 edges at 0x7fd38f1c50d0>
after mwgm, right alignment: 1995/3513=0.568
mwgm costs time: 1.809 s
selecting potential alignment costs time: 3.499 s
update wrongly:  39 greedy update wrongly:  542
after editing (<-), right alignment: 2644/3818=0.693
after editing (->), right alignment: 2604/3232=0.806
newly triples: 11673, 12246
alignment_loss = 1.154, time = 0.062 s
I'm saving the sim_mat, shape (1500, 10500)
quick results: hits@[1, 5, 10, 50] = [27.    36.867 40.667 49.067]%, time = 2.215 s 
generating neighbors of 41418 entities costs 16.087 s.

iteration 28
epoch 271, avg. triple loss: 0.6954, cost time: 2.8855s
epoch 272, avg. triple loss: 0.6941, cost time: 3.0018s
epoch 273, avg. triple loss: 0.6935, cost time: 3.0403s
epoch 274, avg. triple loss: 0.6934, cost time: 3.0516s
epoch 275, avg. triple loss: 0.6926, cost time: 3.0955s
epoch 276, avg. triple loss: 0.6924, cost time: 3.2992s
epoch 277, avg. triple loss: 0.6918, cost time: 3.4718s
epoch 278, avg. triple loss: 0.6912, cost time: 2.9371s
epoch 279, avg. triple loss: 0.6903, cost time: 2.8768s
epoch 280, avg. triple loss: 0.6908, cost time: 3.0533s
I'm saving the sim_mat, shape (1500, 10500)
quick results: hits@[1, 5, 10, 50] = [27.067 37.067 40.667 49.467]%, time = 2.224 s 
after filtering by sim threshold, right alignment: 3417/38464=0.089
after filtering by sim and nearest k, right alignment: 3328/23207=0.143
graph via graph_tool <Graph object, directed, with 10122 vertices and 23207 edges at 0x7fd362995f10>
after mwgm, right alignment: 1997/3535=0.565
mwgm costs time: 1.752 s
selecting potential alignment costs time: 3.404 s
update wrongly:  36 greedy update wrongly:  547
after editing (<-), right alignment: 2661/3847=0.692
after editing (->), right alignment: 2613/3271=0.799
newly triples: 11781, 12357
alignment_loss = 1.151, time = 0.064 s
I'm saving the sim_mat, shape (1500, 10500)
quick results: hits@[1, 5, 10, 50] = [27.467 37.067 40.667 49.333]%, time = 2.148 s 
generating neighbors of 41418 entities costs 16.131 s.

iteration 29
epoch 281, avg. triple loss: 0.6940, cost time: 2.6587s
epoch 282, avg. triple loss: 0.6924, cost time: 2.8020s
epoch 283, avg. triple loss: 0.6926, cost time: 2.6712s
epoch 284, avg. triple loss: 0.6909, cost time: 2.9991s
epoch 285, avg. triple loss: 0.6914, cost time: 2.7412s
epoch 286, avg. triple loss: 0.6902, cost time: 2.7289s
epoch 287, avg. triple loss: 0.6900, cost time: 3.0772s
epoch 288, avg. triple loss: 0.6897, cost time: 3.0506s
epoch 289, avg. triple loss: 0.6895, cost time: 2.8886s
epoch 290, avg. triple loss: 0.6892, cost time: 2.8897s
I'm saving the sim_mat, shape (1500, 10500)
quick results: hits@[1, 5, 10, 50] = [27.4   37.267 40.733 49.533]%, time = 2.190 s 
after filtering by sim threshold, right alignment: 3447/40168=0.086
after filtering by sim and nearest k, right alignment: 3355/23942=0.140
graph via graph_tool <Graph object, directed, with 10244 vertices and 23942 edges at 0x7fd3638f6b10>
after mwgm, right alignment: 2027/3567=0.568
mwgm costs time: 1.875 s
selecting potential alignment costs time: 3.643 s
update wrongly:  42 greedy update wrongly:  541
after editing (<-), right alignment: 2654/3859=0.688
after editing (->), right alignment: 2614/3292=0.794
newly triples: 11850, 12340
alignment_loss = 1.148, time = 0.062 s
I'm saving the sim_mat, shape (1500, 10500)
quick results: hits@[1, 5, 10, 50] = [27.467 37.267 40.733 49.533]%, time = 1.310 s 
generating neighbors of 41418 entities costs 17.277 s.

iteration 30
epoch 291, avg. triple loss: 0.6923, cost time: 2.7322s
epoch 292, avg. triple loss: 0.6905, cost time: 2.8327s
epoch 293, avg. triple loss: 0.6904, cost time: 2.7992s
epoch 294, avg. triple loss: 0.6905, cost time: 2.6275s
epoch 295, avg. triple loss: 0.6886, cost time: 3.0546s
epoch 296, avg. triple loss: 0.6891, cost time: 2.9518s
epoch 297, avg. triple loss: 0.6884, cost time: 3.2161s
epoch 298, avg. triple loss: 0.6880, cost time: 3.3804s
epoch 299, avg. triple loss: 0.6880, cost time: 3.1644s
epoch 300, avg. triple loss: 0.6877, cost time: 3.1589s
I'm saving the sim_mat, shape (1500, 10500)
quick results: hits@[1, 5, 10, 50] = [27.267 37.467 40.733 49.6  ]%, time = 3.449 s 
after filtering by sim threshold, right alignment: 3478/41881=0.083
after filtering by sim and nearest k, right alignment: 3378/24627=0.137
graph via graph_tool <Graph object, directed, with 10347 vertices and 24627 edges at 0x7fd36d276e90>
after mwgm, right alignment: 2021/3604=0.561
mwgm costs time: 2.000 s
selecting potential alignment costs time: 3.771 s
update wrongly:  36 greedy update wrongly:  560
after editing (<-), right alignment: 2685/3926=0.684
after editing (->), right alignment: 2641/3328=0.794
newly triples: 11989, 12509
alignment_loss = 1.146, time = 0.060 s
I'm saving the sim_mat, shape (1500, 10500)
quick results: hits@[1, 5, 10, 50] = [27.667 37.533 40.733 49.533]%, time = 2.299 s 
generating neighbors of 41418 entities costs 16.758 s.

iteration 31
epoch 301, avg. triple loss: 0.6913, cost time: 2.8339s
epoch 302, avg. triple loss: 0.6899, cost time: 2.8906s
epoch 303, avg. triple loss: 0.6888, cost time: 3.1503s
epoch 304, avg. triple loss: 0.6884, cost time: 3.1499s
epoch 305, avg. triple loss: 0.6879, cost time: 3.2206s
epoch 306, avg. triple loss: 0.6866, cost time: 3.3951s
epoch 307, avg. triple loss: 0.6871, cost time: 3.4718s
epoch 308, avg. triple loss: 0.6872, cost time: 3.2004s
epoch 309, avg. triple loss: 0.6862, cost time: 2.9659s
epoch 310, avg. triple loss: 0.6860, cost time: 3.0988s
I'm saving the sim_mat, shape (1500, 10500)
quick results: hits@[1, 5, 10, 50] = [27.533 37.4   40.733 49.933]%, time = 2.297 s 
after filtering by sim threshold, right alignment: 3509/43599=0.080
after filtering by sim and nearest k, right alignment: 3407/25365=0.134
graph via graph_tool <Graph object, directed, with 10482 vertices and 25365 edges at 0x7fd36d276d10>
after mwgm, right alignment: 1990/3634=0.548
mwgm costs time: 2.040 s
selecting potential alignment costs time: 3.783 s
update wrongly:  46 greedy update wrongly:  582
after editing (<-), right alignment: 2677/3954=0.677
after editing (->), right alignment: 2638/3339=0.790
newly triples: 12003, 12526
alignment_loss = 1.144, time = 0.063 s
I'm saving the sim_mat, shape (1500, 10500)
quick results: hits@[1, 5, 10, 50] = [27.733 37.467 40.733 49.933]%, time = 2.368 s 
generating neighbors of 41418 entities costs 17.311 s.

iteration 32
epoch 311, avg. triple loss: 0.6890, cost time: 2.6498s
epoch 312, avg. triple loss: 0.6877, cost time: 2.8530s
epoch 313, avg. triple loss: 0.6877, cost time: 3.0786s
epoch 314, avg. triple loss: 0.6871, cost time: 3.1185s
epoch 315, avg. triple loss: 0.6867, cost time: 3.1912s
epoch 316, avg. triple loss: 0.6865, cost time: 3.1412s
epoch 317, avg. triple loss: 0.6864, cost time: 3.3126s
epoch 318, avg. triple loss: 0.6856, cost time: 3.1801s
epoch 319, avg. triple loss: 0.6850, cost time: 3.0918s
epoch 320, avg. triple loss: 0.6857, cost time: 3.2978s
I'm saving the sim_mat, shape (1500, 10500)
quick results: hits@[1, 5, 10, 50] = [27.667 37.4   40.8   49.933]%, time = 3.070 s 
after filtering by sim threshold, right alignment: 3526/45120=0.078
after filtering by sim and nearest k, right alignment: 3422/25966=0.132
graph via graph_tool <Graph object, directed, with 10575 vertices and 25966 edges at 0x7fd3638f6610>
after mwgm, right alignment: 2061/3671=0.561
mwgm costs time: 2.104 s
selecting potential alignment costs time: 3.817 s
update wrongly:  29 greedy update wrongly:  533
after editing (<-), right alignment: 2701/3986=0.678
after editing (->), right alignment: 2654/3384=0.784
newly triples: 12148, 12672
alignment_loss = 1.143, time = 0.060 s
I'm saving the sim_mat, shape (1500, 10500)
quick results: hits@[1, 5, 10, 50] = [27.867 37.467 40.8   49.867]%, time = 2.085 s 
generating neighbors of 41418 entities costs 16.376 s.

iteration 33
epoch 321, avg. triple loss: 0.6880, cost time: 3.0451s
epoch 322, avg. triple loss: 0.6867, cost time: 2.8486s
epoch 323, avg. triple loss: 0.6869, cost time: 3.0403s
epoch 324, avg. triple loss: 0.6858, cost time: 3.3130s
epoch 325, avg. triple loss: 0.6852, cost time: 3.4156s
epoch 326, avg. triple loss: 0.6852, cost time: 3.4002s
epoch 327, avg. triple loss: 0.6851, cost time: 3.1494s
epoch 328, avg. triple loss: 0.6842, cost time: 3.1552s
epoch 329, avg. triple loss: 0.6842, cost time: 3.1966s
epoch 330, avg. triple loss: 0.6842, cost time: 3.1611s
I'm saving the sim_mat, shape (1500, 10500)
quick results: hits@[1, 5, 10, 50] = [27.8   37.533 41.    49.933]%, time = 3.361 s 
after filtering by sim threshold, right alignment: 3556/46797=0.076
after filtering by sim and nearest k, right alignment: 3446/26674=0.129
graph via graph_tool <Graph object, directed, with 10690 vertices and 26674 edges at 0x7fd35a843c50>
after mwgm, right alignment: 2074/3713=0.559
mwgm costs time: 1.931 s
selecting potential alignment costs time: 3.559 s
update wrongly:  35 greedy update wrongly:  555
after editing (<-), right alignment: 2729/4042=0.675
after editing (->), right alignment: 2682/3417=0.785
newly triples: 12271, 12769
alignment_loss = 1.141, time = 0.071 s
I'm saving the sim_mat, shape (1500, 10500)
quick results: hits@[1, 5, 10, 50] = [28.2   37.4   41.    49.867]%, time = 2.431 s 
generating neighbors of 41418 entities costs 16.392 s.

iteration 34
epoch 331, avg. triple loss: 0.6862, cost time: 2.9065s
epoch 332, avg. triple loss: 0.6854, cost time: 2.9913s
epoch 333, avg. triple loss: 0.6848, cost time: 2.8023s
epoch 334, avg. triple loss: 0.6853, cost time: 2.9744s
epoch 335, avg. triple loss: 0.6840, cost time: 3.1678s
epoch 336, avg. triple loss: 0.6834, cost time: 3.1018s
epoch 337, avg. triple loss: 0.6845, cost time: 3.1553s
epoch 338, avg. triple loss: 0.6833, cost time: 3.1273s
epoch 339, avg. triple loss: 0.6831, cost time: 3.3761s
epoch 340, avg. triple loss: 0.6823, cost time: 3.3787s
I'm saving the sim_mat, shape (1500, 10500)
quick results: hits@[1, 5, 10, 50] = [28.2   37.533 40.867 50.067]%, time = 2.308 s 
after filtering by sim threshold, right alignment: 3577/48404=0.074
after filtering by sim and nearest k, right alignment: 3467/27361=0.127
graph via graph_tool <Graph object, directed, with 10809 vertices and 27361 edges at 0x7fd39aa3de50>
after mwgm, right alignment: 2031/3735=0.544
mwgm costs time: 2.159 s
selecting potential alignment costs time: 3.856 s
update wrongly:  34 greedy update wrongly:  590
after editing (<-), right alignment: 2738/4067=0.673
after editing (->), right alignment: 2690/3440=0.782
newly triples: 12300, 12853
alignment_loss = 1.138, time = 0.073 s
I'm saving the sim_mat, shape (1500, 10500)
quick results: hits@[1, 5, 10, 50] = [28.467 37.467 40.867 50.133]%, time = 2.278 s 
generating neighbors of 41418 entities costs 16.404 s.

iteration 35
epoch 341, avg. triple loss: 0.6851, cost time: 2.7811s
epoch 342, avg. triple loss: 0.6849, cost time: 2.8609s
epoch 343, avg. triple loss: 0.6837, cost time: 2.9050s
epoch 344, avg. triple loss: 0.6835, cost time: 2.9469s
epoch 345, avg. triple loss: 0.6830, cost time: 2.9771s
epoch 346, avg. triple loss: 0.6829, cost time: 2.9216s
epoch 347, avg. triple loss: 0.6829, cost time: 3.2611s
epoch 348, avg. triple loss: 0.6829, cost time: 3.1090s
epoch 349, avg. triple loss: 0.6821, cost time: 3.2548s
epoch 350, avg. triple loss: 0.6817, cost time: 3.4073s
I'm saving the sim_mat, shape (1500, 10500)
quick results: hits@[1, 5, 10, 50] = [28.4   37.667 41.    50.2  ]%, time = 2.336 s 
after filtering by sim threshold, right alignment: 3604/49943=0.072
after filtering by sim and nearest k, right alignment: 3491/28005=0.125
graph via graph_tool <Graph object, directed, with 10900 vertices and 28005 edges at 0x7fd373f4a150>
after mwgm, right alignment: 2061/3758=0.548
mwgm costs time: 2.236 s
selecting potential alignment costs time: 3.966 s
update wrongly:  41 greedy update wrongly:  581
after editing (<-), right alignment: 2751/4101=0.671
after editing (->), right alignment: 2699/3468=0.778
newly triples: 12331, 12891
alignment_loss = 1.137, time = 0.068 s
I'm saving the sim_mat, shape (1500, 10500)
quick results: hits@[1, 5, 10, 50] = [28.133 37.8   41.133 50.333]%, time = 2.458 s 
generating neighbors of 41418 entities costs 16.656 s.

iteration 36
epoch 351, avg. triple loss: 0.6848, cost time: 2.6869s
epoch 352, avg. triple loss: 0.6836, cost time: 2.7670s
epoch 353, avg. triple loss: 0.6832, cost time: 2.9432s
epoch 354, avg. triple loss: 0.6837, cost time: 2.8864s
epoch 355, avg. triple loss: 0.6819, cost time: 3.1968s
epoch 356, avg. triple loss: 0.6818, cost time: 3.1242s
epoch 357, avg. triple loss: 0.6817, cost time: 3.1130s
epoch 358, avg. triple loss: 0.6815, cost time: 3.0988s
epoch 359, avg. triple loss: 0.6806, cost time: 3.0234s
epoch 360, avg. triple loss: 0.6808, cost time: 3.2296s
I'm saving the sim_mat, shape (1500, 10500)
quick results: hits@[1, 5, 10, 50] = [28.133 37.867 41.133 50.467]%, time = 1.584 s 
after filtering by sim threshold, right alignment: 3623/51467=0.070
after filtering by sim and nearest k, right alignment: 3504/28605=0.122
graph via graph_tool <Graph object, directed, with 10984 vertices and 28605 edges at 0x7fd366f2e550>
after mwgm, right alignment: 2019/3788=0.533
mwgm costs time: 2.191 s
selecting potential alignment costs time: 3.869 s
update wrongly:  44 greedy update wrongly:  617
after editing (<-), right alignment: 2745/4125=0.665
after editing (->), right alignment: 2695/3466=0.778
newly triples: 12367, 12924
alignment_loss = 1.135, time = 0.072 s
I'm saving the sim_mat, shape (1500, 10500)
quick results: hits@[1, 5, 10, 50] = [28.267 37.867 41.4   50.467]%, time = 1.705 s 
generating neighbors of 41418 entities costs 16.594 s.

iteration 37
epoch 361, avg. triple loss: 0.6829, cost time: 2.8777s
epoch 362, avg. triple loss: 0.6825, cost time: 2.7570s
epoch 363, avg. triple loss: 0.6823, cost time: 3.0232s
epoch 364, avg. triple loss: 0.6818, cost time: 2.9899s
epoch 365, avg. triple loss: 0.6817, cost time: 2.9430s
epoch 366, avg. triple loss: 0.6811, cost time: 3.0866s
epoch 367, avg. triple loss: 0.6814, cost time: 3.0466s
epoch 368, avg. triple loss: 0.6805, cost time: 3.2706s
epoch 369, avg. triple loss: 0.6806, cost time: 3.2368s
epoch 370, avg. triple loss: 0.6808, cost time: 3.2939s
I'm saving the sim_mat, shape (1500, 10500)
quick results: hits@[1, 5, 10, 50] = [28.267 37.933 41.4   50.467]%, time = 1.511 s 
after filtering by sim threshold, right alignment: 3649/52894=0.069
after filtering by sim and nearest k, right alignment: 3524/29182=0.121
graph via graph_tool <Graph object, directed, with 11060 vertices and 29182 edges at 0x7fd364553ed0>
after mwgm, right alignment: 2064/3803=0.543
mwgm costs time: 2.222 s
selecting potential alignment costs time: 3.876 s
update wrongly:  25 greedy update wrongly:  566
after editing (<-), right alignment: 2779/4181=0.665
after editing (->), right alignment: 2713/3496=0.776
newly triples: 12472, 12970
alignment_loss = 1.133, time = 0.078 s
I'm saving the sim_mat, shape (1500, 10500)
quick results: hits@[1, 5, 10, 50] = [28.333 37.867 41.4   50.467]%, time = 1.262 s 
generating neighbors of 41418 entities costs 16.212 s.

iteration 38
epoch 371, avg. triple loss: 0.6823, cost time: 2.6286s
epoch 372, avg. triple loss: 0.6821, cost time: 2.6311s
epoch 373, avg. triple loss: 0.6812, cost time: 2.8601s
epoch 374, avg. triple loss: 0.6806, cost time: 2.7298s
epoch 375, avg. triple loss: 0.6804, cost time: 2.9674s
epoch 376, avg. triple loss: 0.6803, cost time: 3.1362s
epoch 377, avg. triple loss: 0.6792, cost time: 2.9155s
epoch 378, avg. triple loss: 0.6797, cost time: 2.8807s
epoch 379, avg. triple loss: 0.6800, cost time: 2.9029s
epoch 380, avg. triple loss: 0.6790, cost time: 2.8683s
I'm saving the sim_mat, shape (1500, 10500)
quick results: hits@[1, 5, 10, 50] = [28.267 37.933 41.467 50.533]%, time = 2.788 s 
after filtering by sim threshold, right alignment: 3665/54300=0.067
after filtering by sim and nearest k, right alignment: 3538/29716=0.119
graph via graph_tool <Graph object, directed, with 11125 vertices and 29716 edges at 0x7fd362249f50>
after mwgm, right alignment: 2040/3816=0.535
mwgm costs time: 2.170 s
selecting potential alignment costs time: 3.894 s
update wrongly:  32 greedy update wrongly:  595
after editing (<-), right alignment: 2778/4177=0.665
after editing (->), right alignment: 2726/3516=0.775
newly triples: 12541, 13014
alignment_loss = 1.133, time = 0.072 s
I'm saving the sim_mat, shape (1500, 10500)
quick results: hits@[1, 5, 10, 50] = [28.133 37.933 41.533 50.467]%, time = 2.756 s 
generating neighbors of 41418 entities costs 16.272 s.

iteration 39
epoch 381, avg. triple loss: 0.6816, cost time: 2.7598s
epoch 382, avg. triple loss: 0.6807, cost time: 2.7649s
epoch 383, avg. triple loss: 0.6810, cost time: 2.8289s
epoch 384, avg. triple loss: 0.6797, cost time: 2.9355s
epoch 385, avg. triple loss: 0.6793, cost time: 2.6331s
epoch 386, avg. triple loss: 0.6797, cost time: 2.7008s
epoch 387, avg. triple loss: 0.6792, cost time: 2.8406s
epoch 388, avg. triple loss: 0.6787, cost time: 3.3453s
epoch 389, avg. triple loss: 0.6783, cost time: 2.8948s
epoch 390, avg. triple loss: 0.6779, cost time: 2.9104s
I'm saving the sim_mat, shape (1500, 10500)
quick results: hits@[1, 5, 10, 50] = [28.2   38.067 41.667 50.667]%, time = 1.105 s 

 == should early stop == 

Training ends. Total time = 2555.067 s.
I'm saving the sim_mat, shape (9000, 9000)
accurate results: hits@[1, 5, 10, 50] = [27.989 37.533 41.167 50.222]%, mr = 1294.172, mrr = 0.327088, time = 3.870 s 
I'm saving the sim_mat, shape (9000, 9000)
accurate results with csls: csls=10, hits@[1, 5, 10, 50] = [28.456 38.544 41.767 49.889]%, mr = 1041.294, mrr = 0.334013, time = 6.410 s 
Results saved!
/scratch/leonehuber/output/results/BootEA/DBP_en_YG_en_15K_V1/631/20201109220129/kg1_ent_ids saved.
/scratch/leonehuber/output/results/BootEA/DBP_en_YG_en_15K_V1/631/20201109220129/kg2_ent_ids saved.
/scratch/leonehuber/output/results/BootEA/DBP_en_YG_en_15K_V1/631/20201109220129/kg1_rel_ids saved.
/scratch/leonehuber/output/results/BootEA/DBP_en_YG_en_15K_V1/631/20201109220129/kg2_rel_ids saved.
/scratch/leonehuber/output/results/BootEA/DBP_en_YG_en_15K_V1/631/20201109220129/kg1_attr_ids saved.
/scratch/leonehuber/output/results/BootEA/DBP_en_YG_en_15K_V1/631/20201109220129/kg2_attr_ids saved.
Embeddings saved!
Total run time = 2595.713 s.
